INFO:exsclaim.pipeline:No exsclaim.json file found, starting a new one.
INFO:exsclaim.pipeline:
        @@@@@@@@@@@@@@@@@@@@@@@@@@@@@@@@@@@@@@@@@@@@@@@@@@@@
        @@@@@@@@@@@@@@@@@@@&   /&@@@(   /@@@@@@@@@@@@@@@@@@@
        @@@@@@@@@@@@@@@ %@@@@@@@@@@@@@@@@@@@ *@@@@@@@@@@@@@@
        @@@@@@@@@@@@ @@@@@@@@@@@@@@,  .@@@@@@@@ *@@@@@@@@@@@
        @@@@@@@@@.#@@@@@@@@@@@@@@@@,    @@@@@@@@@@ @@@@@@@@@
        @@@@@@@&,@@@@@@@@@@@@@@@@@@.    @@@@@@@@@@@@ @@@@@@@
        @@@@@@ @@@@@@@@@@@@@@@@@@@@     @@@@@@@@@@@@@ @@@@@@
        @@@@@ @@@@@@@@@@@@@@@@@@@@@    *@@@@@@@@@@@@@@/@@@@@
        @@@@ @@@@@@@@@@@@@@@@@@@@@@    @@@@@@@@@@@@@@@@,@@@@
        @@@ @@@@@@@@@@@@@@@@@@@@@@&    @@@@@@@@@@@@@@@@@ @@@
        @@@,@@@@@@@@@@@@@@@@@@@@@@*   (@@@@@@@@@@@@@@@@@@%@@
        @@.@@@@@@@@@@@@@@@@@@@@@@@    @@@@@@@@@@@@@@@@@@@ @@
        @@ @@@@@@@@@@@@@@@@@@@@@@@    @@@@@@@@@@@@@@@@@@@ @@
        @@ @@@@@@@@@@@@@@@@@@@@@@/   &@@@@@@@@@@@@@@@@@@@ @@
        @@,@@@@@@@@@@@@@@@@@@@@@@    @@@@@@@@@@@@@@@@@@@@ @@
        @@@.@@@@@@@@@@@@@@@@@@@@&   @@@@@@@@@@@@@@@@@@@@@%@@
        @@@ @@@@@@@@@@@@@@@@@@@@@  /@@@@@@@@@@@@@@@@@@@@ @@@
        @@@@ @@@@@@@@@@@@@@@@@@@@@@@@@@@@@@@@@@@@@@@@@@,@@@@
        @@@@@ @@@@@@@@@@@@@@@@@@@@@@@@@@@@@@@@@@@@@@@@*@@@@@
        @@@@@@ @@@@@@@@@@@@@@@@@@@@@@@@@@@@@@@@@@@@@@ @@@@@@
        @@@@@@@@ @@@@@@@@@@@@    @@@@@@@@@@@@@@@@@@@ @@@@@@@
        @@@@@@@@@.(@@@@@@@@@@     @@@@@@@@@@@@@@@@ @@@@@@@@@
        @@@@@@@@@@@@ @@@@@@@@@#   #@@@@@@@@@@@@ /@@@@@@@@@@@
        @@@@@@@@@@@@@@@ ,@@@@@@@@@@@@@@@@@@@ &@@@@@@@@@@@@@@
        @@@@@@@@@@@@@@@@@@@@   ,%@@&/   (@@@@@@@@@@@@@@@@@@@
        @@@@@@@@@@@@@@@@@@@@@@@@@@@@@@@@@@@@@@@@@@@@@@@@@@@@
        
INFO:exsclaim.tool.JournalScraper:Running Journal Scraper

INFO:exsclaim.journal:GET request: https://onlinelibrary.wiley.com/action/doSearch?PubType=journalAllField=nano&pageSize=20&ConceptID=15941&AfterYear=&SeriesKey=&sortBy=
